<?xml version="1.0" encoding="UTF-8"?>
<!-- Generated by org.testng.reporters.JUnitXMLReporter -->
<testsuite hostname="HDC2-D-BXM1T72" failures="0" tests="1" name="Test" time="0.065" errors="0" timestamp="13 Dec 2018 09:47:09 GMT">
  <testcase classname="com.makemytrip.qa.testcases.SignInPageTest" name="@BeforeMethod setUp" time="0.0">
    <failure type="org.testng.TestNGException" message="
Method setUp requires 1 parameters but 0 were supplied in the @Configuration annotation.">
      <![CDATA[org.testng.TestNGException: 
Method setUp requires 1 parameters but 0 were supplied in the @Configuration annotation.
... Removed 24 stack frames]]>
    </failure>
  </testcase>
  <testcase classname="com.makemytrip.qa.testcases.SignInPageTest" name="@AfterMethod cbrowser" time="0.0">
    <skipped/>
  </testcase>
  <testcase classname="com.makemytrip.qa.testcases.SignInPageTest" name="loginTest" time="0.02">
    <skipped/>
  </testcase>
</testsuite>
