<?xml version="1.0" encoding="UTF-8"?>
<testng-results total="1" passed="0" failed="0" skipped="1">
  <reporter-output>
  </reporter-output>
  <suite started-at="2018-12-13T15:13:55Z" name="Suite" finished-at="2018-12-13T15:13:55Z" duration-ms="63">
    <groups>
    </groups>
    <test started-at="2018-12-13T15:13:55Z" name="Test" finished-at="2018-12-13T15:13:55Z" duration-ms="63">
      <class name="com.makemytrip.qa.testcases.SignInPageTest">
        <test-method is-config="true" signature="setUp(java.lang.String)[pri:0, instance:com.makemytrip.qa.testcases.SignInPageTest@682b2fa]" started-at="2018-12-13T15:13:55Z" name="setUp" finished-at="2018-12-13T15:13:55Z" duration-ms="0" status="FAIL">
          <exception class="org.testng.TestNGException">
            <message>
              <![CDATA[
Method setUp requires 1 parameters but 0 were supplied in the @Configuration annotation.]]>
            </message>
            <full-stacktrace>
              <![CDATA[org.testng.TestNGException: 
Method setUp requires 1 parameters but 0 were supplied in the @Configuration annotation.
	at org.testng.internal.Parameters.checkParameterTypes(Parameters.java:186)
	at org.testng.internal.Parameters.createParameters(Parameters.java:122)
	at org.testng.internal.Parameters.createParameters(Parameters.java:358)
	at org.testng.internal.Parameters.createConfigurationParameters(Parameters.java:77)
	at org.testng.internal.Invoker.invokeConfigurations(Invoker.java:198)
	at org.testng.internal.Invoker.invokeMethod(Invoker.java:631)
	at org.testng.internal.Invoker.invokeTestMethod(Invoker.java:883)
	at org.testng.internal.Invoker.invokeTestMethods(Invoker.java:1208)
	at org.testng.internal.TestMethodWorker.invokeTestMethods(TestMethodWorker.java:127)
	at org.testng.internal.TestMethodWorker.run(TestMethodWorker.java:111)
	at org.testng.TestRunner.privateRun(TestRunner.java:758)
	at org.testng.TestRunner.run(TestRunner.java:613)
	at org.testng.SuiteRunner.runTest(SuiteRunner.java:334)
	at org.testng.SuiteRunner.runSequentially(SuiteRunner.java:329)
	at org.testng.SuiteRunner.privateRun(SuiteRunner.java:291)
	at org.testng.SuiteRunner.run(SuiteRunner.java:240)
	at org.testng.SuiteRunnerWorker.runSuite(SuiteRunnerWorker.java:53)
	at org.testng.SuiteRunnerWorker.run(SuiteRunnerWorker.java:87)
	at org.testng.TestNG.runSuitesSequentially(TestNG.java:1137)
	at org.testng.TestNG.runSuitesLocally(TestNG.java:1062)
	at org.testng.TestNG.run(TestNG.java:974)
	at org.testng.remote.AbstractRemoteTestNG.run(AbstractRemoteTestNG.java:114)
	at org.testng.remote.RemoteTestNG.initAndRun(RemoteTestNG.java:251)
	at org.testng.remote.RemoteTestNG.main(RemoteTestNG.java:77)
]]>
            </full-stacktrace>
          </exception>
        </test-method>
        <test-method signature="loginTest()[pri:0, instance:com.makemytrip.qa.testcases.SignInPageTest@682b2fa]" started-at="2018-12-13T15:13:55Z" name="loginTest" finished-at="2018-12-13T15:13:55Z" duration-ms="17" status="SKIP">
        </test-method>
        <test-method is-config="true" signature="cbrowser()[pri:0, instance:com.makemytrip.qa.testcases.SignInPageTest@682b2fa]" started-at="2018-12-13T15:13:55Z" name="cbrowser" finished-at="2018-12-13T15:13:55Z" duration-ms="0" status="SKIP">
        </test-method>
      </class>
    </test>
  </suite>
</testng-results>
