<?xml version="1.0" encoding="UTF-8"?>
<testng-results total="1" passed="1" failed="0" skipped="0">
  <reporter-output>
  </reporter-output>
  <suite started-at="2018-12-13T15:54:59Z" name="Suite" finished-at="2018-12-13T15:55:15Z" duration-ms="16377">
    <groups>
    </groups>
    <test started-at="2018-12-13T15:54:59Z" name="Test" finished-at="2018-12-13T15:55:15Z" duration-ms="16377">
      <class name="com.makemytrip.qa.testcases.SignInPageTest">
        <test-method is-config="true" signature="setUp()[pri:0, instance:com.makemytrip.qa.testcases.SignInPageTest@217ed35e]" started-at="2018-12-13T15:54:59Z" name="setUp" finished-at="2018-12-13T15:55:14Z" duration-ms="14853" status="PASS">
        </test-method>
        <test-method signature="loginTest()[pri:1, instance:com.makemytrip.qa.testcases.SignInPageTest@217ed35e]" started-at="2018-12-13T15:55:14Z" name="loginTest" finished-at="2018-12-13T15:55:15Z" duration-ms="1501" status="PASS">
        </test-method>
      </class>
    </test>
  </suite>
</testng-results>
